2024-10-13 19:56:54 - Начинаем парсинг листа Excel.
2024-10-13 19:56:54 - Кэш успешно перезаписан.
2024-10-13 19:56:54 - Кэш обновлен: Очное/Расписание 1 семестр/Кафедра геологии и пол. ископаемых/2БГиПИАШ_2023   27.09.php
2024-10-13 20:05:19 - Начинаем парсинг листа Excel.
2024-10-13 20:05:19 - Кэш успешно записан в файл: D:\OSPanel\domains\kyrsach/excel/Очное/Расписание 1 семестр/Кафедра геологии и пол. ископаемых/2БГиПИАШ_2023   27.09.php
2024-10-13 20:05:19 - Кэш обновлен: D:\OSPanel\domains\kyrsach/excel/Очное/Расписание 1 семестр/Кафедра геологии и пол. ископаемых/2БГиПИАШ_2023   27.09.php
2024-10-13 20:07:31 - Начинаем парсинг листа Excel.
2024-10-13 20:07:31 - Кэш успешно перезаписан.
2024-10-13 20:07:31 - Кэш обновлен: cache/2БГиПИАШ_2023   27.09.php
2024-10-13 20:07:39 - Начинаем парсинг листа Excel.
2024-10-13 20:07:39 - Кэш успешно записан в файл: D:\OSPanel\domains\kyrsach/excel/Очное/Расписание 1 семестр/Кафедра геологии и пол. ископаемых/2БГиПИАШ_2023   27.09.php
2024-10-13 20:07:39 - Кэш обновлен: D:\OSPanel\domains\kyrsach/excel/Очное/Расписание 1 семестр/Кафедра геологии и пол. ископаемых/2БГиПИАШ_2023   27.09.php
2024-10-13 20:08:41 - Начинаем парсинг листа Excel.
2024-10-13 20:08:41 - Кэш успешно записан в файл: D:\OSPanel\domains\kyrsach/cache/Очное/Расписание 1 семестр/Кафедра геологии и пол. ископаемых/2БГиПИАШ_2023   27.09.php
2024-10-13 20:08:41 - Кэш обновлен: D:\OSPanel\domains\kyrsach/excel/Очное/Расписание 1 семестр/Кафедра геологии и пол. ископаемых/2БГиПИАШ_2023   27.09.php
2024-10-13 20:15:51 - Начинаем парсинг листа Excel.
2024-10-13 20:15:51 - Кэш успешно записан в файл: D:\OSPanel\domains\kyrsach/cache/Очное/Расписание 1 семестр/Кафедра геологии и пол. ископаемых/2БГиПИАШ_2023   27.09.php
2024-10-13 20:15:51 - Кэш обновлен: D:\OSPanel\domains\kyrsach/excel/Очное/Расписание 1 семестр/Кафедра геологии и пол. ископаемых/2БГиПИАШ_2023   27.09.php
2024-10-13 20:19:03 - Начинаем парсинг листа Excel.
2024-10-13 20:19:03 - Кэш успешно записан в файл: D:\OSPanel\domains\kyrsach/cache/Очное/Расписание 1 семестр/Кафедра геологии и пол. ископаемых/2БГиПИАШ_2023   27.09.php
2024-10-13 20:19:03 - Кэш обновлен: D:\OSPanel\domains\kyrsach/excel/Очное/Расписание 1 семестр/Кафедра геологии и пол. ископаемых/2БГиПИАШ_2023   27.09.php
2024-10-13 20:22:20 - Начинаем парсинг листа Excel.
2024-10-13 20:22:20 - Кэш успешно записан в файл: D:\OSPanel\domains\kyrsach/cache/Очное/Расписание 1 семестр/Кафедра геологии и пол. ископаемых/2БГиПИАШ_2023   27.09.php
2024-10-13 20:22:20 - Кэш обновлен: D:\OSPanel\domains\kyrsach/excel/Очное/Расписание 1 семестр/Кафедра геологии и пол. ископаемых/2БГиПИАШ_2023   27.09.php
2024-10-13 20:22:40 - Начинаем парсинг листа Excel.
2024-10-13 20:22:40 - Кэш успешно записан в файл: D:\OSPanel\domains\kyrsach/cache/Очное/Расписание 1 семестр/Кафедра горного дела/2СГД-ГМиО_2023  27.09.php
2024-10-13 20:22:40 - Кэш обновлен: D:\OSPanel\domains\kyrsach/excel/Очное/Расписание 1 семестр/Кафедра горного дела/2СГД-ГМиО_2023  27.09.php
2024-10-13 20:22:57 - Начинаем парсинг листа Excel.
2024-10-13 20:22:57 - Кэш успешно записан в файл: D:\OSPanel\domains\kyrsach/cache/Очное/Расписание 1 семестр/Кафедра информатики/4БИСиТ-ПАК_2021   27.09.php
2024-10-13 20:22:57 - Кэш обновлен: D:\OSPanel\domains\kyrsach/excel/Очное/Расписание 1 семестр/Кафедра информатики/4БИСиТ-ПАК_2021   27.09.php
