2024-12-02 19:23:14 - Данные ajax: Array
(
    [PATH] => Очное/Расписание 1 семестр/Кафедра информатики/4БИСиТ-ПАК_2021   27.09.xlsm
)

2024-12-02 19:23:14 - Данные cacheFile: Очное/Расписание 1 семестр/Кафедра информатики/4БИСиТ-ПАК_2021   27.09.php
2024-12-02 19:23:14 - Получены данные из кэша.
2024-12-02 19:23:23 - Получен POST запрос.
2024-12-02 19:23:23 - Данные вебхука: {"message":"Файл Excel был сохранен", "File-Path":"D:\\OSPanel\\domains\\kyrsach\\excel\\Очное\\Расписание 1 семестр\\Кафедра информатики\\4БИСиТ-ПАК_2021   27.09.xlsm", "File-Name":"4БИСиТ-ПАК_2021   27.09.xlsm"}
2024-12-02 19:23:23 - Путь к файлу: D:\OSPanel\domains\kyrsach\excel\Очное\Расписание 1 семестр\Кафедра информатики\4БИСиТ-ПАК_2021   27.09.xlsm
2024-12-02 19:23:23 - Начинаем обработку файла: D:\OSPanel\domains\kyrsach\excel\Очное\Расписание 1 семестр\Кафедра информатики\4БИСиТ-ПАК_2021   27.09.xlsm
2024-12-02 19:23:23 - Начинаем парсинг листа Excel.
2024-12-02 19:23:23 - Кэш успешно записан в файл: D:\OSPanel\domains\kyrsach\cache\Очное\Расписание 1 семестр\Кафедра информатики\4БИСиТ-ПАК_2021   27.09.php
2024-12-02 19:23:23 - Кэш обновлен: D:\OSPanel\domains\kyrsach\excel\Очное\Расписание 1 семестр\Кафедра информатики\4БИСиТ-ПАК_2021   27.09.php
2024-12-02 19:23:23 - Успешно обработан файл: D:\OSPanel\domains\kyrsach\excel\Очное\Расписание 1 семестр\Кафедра информатики\4БИСиТ-ПАК_2021   27.09.xlsm
2024-12-02 19:23:23 - Данные ajax: Array
(
    [PATH] => Очное/Расписание 1 семестр/Кафедра информатики/4БИСиТ-ПАК_2021   27.09.xlsm
)

2024-12-02 19:23:23 - Данные cacheFile: Очное/Расписание 1 семестр/Кафедра информатики/4БИСиТ-ПАК_2021   27.09.php
2024-12-02 19:23:23 - Получены данные из кэша.
